-------------------------------------------------------------------------------
Test set: com.test.news.UserTests
-------------------------------------------------------------------------------
Tests run: 1, Failures: 1, Errors: 0, Skipped: 0, Time elapsed: 0.369 s <<< FAILURE! - in com.test.news.UserTests
testLogin(com.test.news.UserTests)  Time elapsed: 0.353 s  <<< FAILURE!
java.lang.AssertionError: Response content expected:<true> but was:<false>
	at com.test.news.UserTests.testLogin(UserTests.java:53)

