-------------------------------------------------------------------------------
Test set: com.test.news.SystemTests
-------------------------------------------------------------------------------
Tests run: 1, Failures: 1, Errors: 0, Skipped: 0, Time elapsed: 0.026 s <<< FAILURE! - in com.test.news.SystemTests
testManagerLogin(com.test.news.SystemTests)  Time elapsed: 0.009 s  <<< FAILURE!
java.lang.AssertionError: Response content expected:<True> but was:<>
	at com.test.news.SystemTests.testManagerLogin(SystemTests.java:55)

